 $ python tournament.py 
--> Running on the CPU
Playing:  dmc-4m.pth  vs.  dmc-4m.pth
0 1.3194
1 -1.3194
Playing:  dmc-4m.pth  vs.  nfsp.pth
0 3.44
1 -3.44
Playing:  dmc-4m.pth  vs.  dqn_vs_dmc.pth
0 -0.687
1 0.687
Playing:  dmc-4m.pth  vs.  dqn-trained-vs-dqn-long.pth
0 0.184
1 -0.184
Playing:  dmc-4m.pth  vs.  dqn-long.pth
0 -0.3306
1 0.3306
Playing:  dmc-4m.pth  vs.  random
0 4.5432
1 -4.5432
Playing:  nfsp.pth  vs.  dmc-4m.pth
0 -1.82
1 1.82
Playing:  nfsp.pth  vs.  nfsp.pth
0 -0.1712
1 0.1712
Playing:  nfsp.pth  vs.  dqn_vs_dmc.pth
0 -2.54
1 2.54
Playing:  nfsp.pth  vs.  dqn-trained-vs-dqn-long.pth
0 -2.2954
1 2.2954
Playing:  nfsp.pth  vs.  dqn-long.pth
0 -2.4358
1 2.4358
Playing:  nfsp.pth  vs.  random
0 1.9898
1 -1.9898
Playing:  dqn_vs_dmc.pth  vs.  dmc-4m.pth
0 1.2876
1 -1.2876
Playing:  dqn_vs_dmc.pth  vs.  nfsp.pth
0 3.9882
1 -3.9882
Playing:  dqn_vs_dmc.pth  vs.  dqn_vs_dmc.pth
0 0.694
1 -0.694
Playing:  dqn_vs_dmc.pth  vs.  dqn-trained-vs-dqn-long.pth
0 1.4156
1 -1.4156
Playing:  dqn_vs_dmc.pth  vs.  dqn-long.pth
0 1.5802
1 -1.5802
Playing:  dqn_vs_dmc.pth  vs.  random
0 4.6818
1 -4.6818
Playing:  dqn-trained-vs-dqn-long.pth  vs.  dmc-4m.pth
0 0.9276
1 -0.9276
Playing:  dqn-trained-vs-dqn-long.pth  vs.  nfsp.pth
0 3.5158
1 -3.5158
Playing:  dqn-trained-vs-dqn-long.pth  vs.  dqn_vs_dmc.pth
0 0.2338
1 -0.2338
Playing:  dqn-trained-vs-dqn-long.pth  vs.  dqn-trained-vs-dqn-long.pth
0 1.1664
1 -1.1664
Playing:  dqn-trained-vs-dqn-long.pth  vs.  dqn-long.pth
0 0.5672
1 -0.5672
Playing:  dqn-trained-vs-dqn-long.pth  vs.  random
0 5.3188
1 -5.3188
Playing:  dqn-long.pth  vs.  dmc-4m.pth
0 1.0328
1 -1.0328
Playing:  dqn-long.pth  vs.  nfsp.pth
0 3.652
1 -3.652
Playing:  dqn-long.pth  vs.  dqn_vs_dmc.pth
0 0.7224
1 -0.7224
Playing:  dqn-long.pth  vs.  dqn-trained-vs-dqn-long.pth
0 1.3206
1 -1.3206
Playing:  dqn-long.pth  vs.  dqn-long.pth
0 1.4446
1 -1.4446
Playing:  dqn-long.pth  vs.  random
0 5.131
1 -5.131
Playing:  random  vs.  dmc-4m.pth
0 -3.1254
1 3.1254
Playing:  random  vs.  nfsp.pth
0 -1.4886
1 1.4886
Playing:  random  vs.  dqn_vs_dmc.pth
0 -4.0342
1 4.0342
Playing:  random  vs.  dqn-trained-vs-dqn-long.pth
war zu gross:  3
war zu gross:  3
war zu gross:  3
war zu gross:  3
0 -3.1968
1 3.1968
Playing:  random  vs.  dqn-long.pth
0 -3.2772
1 3.2772
Playing:  random  vs.  random
0 0.5178
1 -0.5178

